2011-09-11 14:23:18: round_update_handler
2011-09-11 14:23:31: dev_match_handler
2011-09-11 14:23:33: dev_match_handler
2011-09-11 14:23:36: dev_match_handler
2011-09-11 14:23:39: dev_match_handler
2011-09-11 14:23:42: dev_match_handler
2011-09-11 14:23:44: dev_match_handler
2011-09-11 14:23:48: dev_match_handler
2011-09-11 14:23:51: dev_match_handler
2011-09-11 14:23:54: dev_match_handler
2011-09-11 14:23:57: dev_match_handler
2011-09-11 14:23:59: dev_match_handler
2011-09-11 14:24:02: dev_match_handler
2011-09-11 14:24:05: dev_match_handler
2011-09-11 14:24:08: dev_match_handler
2011-09-11 14:24:10: dev_match_handler
2011-09-11 14:24:13: dev_match_handler
2011-09-11 14:24:16: dev_match_handler
2011-09-11 14:24:18: dev_match_handler
2011-09-11 14:24:21: dev_match_handler
2011-09-11 14:24:24: dev_match_handler
2011-09-11 14:24:27: dev_match_handler
2011-09-11 14:24:29: dev_match_handler
2011-09-11 14:24:32: dev_match_handler
2011-09-11 14:24:35: dev_match_handler
2011-09-11 14:24:37: dev_match_handler
2011-09-11 14:24:41: dev_match_handler
2011-09-11 14:24:43: dev_match_handler
2011-09-11 14:24:46: dev_match_handler
2011-09-11 14:24:50: dev_match_handler
2011-09-11 14:24:52: dev_match_handler
2011-09-11 14:24:55: dev_match_handler
2011-09-11 14:24:58: dev_match_handler
2011-09-11 14:25:00: dev_match_handler
2011-09-11 14:25:03: dev_match_handler
2011-09-11 14:25:06: dev_match_handler
2011-09-11 14:25:08: dev_match_handler
2011-09-11 14:25:11: dev_match_handler
2011-09-11 14:25:14: dev_match_handler
2011-09-11 14:25:17: dev_match_handler
2011-09-11 14:25:20: dev_match_handler
2011-09-11 14:25:23: dev_match_handler
2011-09-11 14:25:25: dev_match_handler
2011-09-11 14:25:28: dev_match_handler
2011-09-11 14:25:30: dev_match_handler
2011-09-11 14:25:34: dev_match_handler
2011-09-11 14:25:36: dev_match_handler
2011-09-11 14:25:39: dev_match_handler
2011-09-11 14:25:42: dev_match_handler
2011-09-11 14:25:45: dev_match_handler
2011-09-11 14:25:48: dev_match_handler
2011-09-11 14:25:51: dev_match_handler
2011-09-11 14:25:54: dev_match_handler
2011-09-11 14:25:57: dev_match_handler
2011-09-11 14:26:00: dev_match_handler
2011-09-11 14:26:03: dev_match_handler
2011-09-11 14:26:05: dev_match_handler
2011-09-11 14:26:06: dev_match_handler
2011-09-11 14:26:09: dev_match_handler
2011-09-11 14:26:12: dev_match_handler
2011-09-11 14:26:14: dev_match_handler
2011-09-11 14:26:17: dev_match_handler
2011-09-11 14:26:20: dev_match_handler
2011-09-11 14:26:23: dev_match_handler
2011-09-11 14:26:25: dev_match_handler
2011-09-11 14:26:28: dev_match_handler
2011-09-11 14:26:31: dev_match_handler
2011-09-11 14:26:33: dev_match_handler
2011-09-11 14:26:36: dev_match_handler
2011-09-11 14:26:39: dev_match_handler
2011-09-11 14:26:42: dev_match_handler
2011-09-11 14:26:44: dev_match_handler
2011-09-11 14:26:47: dev_match_handler
2011-09-11 14:26:50: dev_match_handler
2011-09-11 14:26:52: dev_match_handler
2011-09-11 14:26:55: dev_match_handler
2011-09-11 14:26:58: dev_match_handler
2011-09-11 14:27:02: dev_match_handler
2011-09-11 14:27:05: dev_match_handler
2011-09-11 14:27:08: dev_match_handler
2011-09-11 14:27:10: dev_match_handler
2011-09-11 14:27:13: dev_match_handler
2011-09-11 14:27:16: dev_match_handler
2011-09-11 14:27:18: dev_match_handler
2011-09-11 14:27:22: dev_match_handler
2011-09-11 14:27:24: dev_match_handler
2011-09-11 14:27:27: dev_match_handler
2011-09-11 14:27:30: dev_match_handler
2011-09-11 14:27:33: dev_match_handler
2011-09-11 14:27:36: dev_match_handler
2011-09-11 14:27:39: dev_match_handler
2011-09-11 14:27:41: dev_match_handler
2011-09-11 14:27:44: dev_match_handler
2011-09-11 14:27:47: dev_match_handler
2011-09-11 14:27:49: dev_match_handler
2011-09-11 14:27:52: dev_match_handler
2011-09-11 14:27:55: dev_match_handler
2011-09-11 14:27:57: dev_match_handler
2011-09-11 14:28:00: dev_match_handler
2011-09-11 14:28:03: dev_match_handler
2011-09-11 14:28:06: dev_match_handler
2011-09-11 14:28:08: dev_match_handler
2011-09-11 14:28:11: dev_match_handler
2011-09-11 14:28:14: dev_match_handler
2011-09-11 14:28:16: dev_match_handler
2011-09-11 14:28:19: dev_match_handler
2011-09-11 14:28:22: dev_match_handler
2011-09-11 14:28:25: dev_match_handler
2011-09-11 14:28:27: dev_match_handler
2011-09-11 14:28:30: dev_match_handler
2011-09-11 14:28:33: dev_match_handler
2011-09-11 14:28:36: dev_match_handler
2011-09-11 14:28:39: dev_match_handler
2011-09-11 14:28:41: dev_match_handler
2011-09-11 14:28:44: dev_match_handler
2011-09-11 14:28:47: dev_match_handler
2011-09-11 14:28:50: dev_match_handler
2011-09-11 14:28:52: dev_match_handler
2011-09-11 14:28:55: dev_match_handler
2011-09-11 14:28:58: dev_match_handler
2011-09-11 14:29:01: dev_match_handler
2011-09-11 14:29:03: dev_match_handler
2011-09-11 14:29:06: dev_match_handler
2011-09-11 14:29:10: dev_match_handler
2011-09-11 14:29:12: dev_match_handler
2011-09-11 14:29:15: dev_match_handler
2011-09-11 14:29:16: dev_match_handler
2011-09-11 14:29:19: dev_match_handler
2011-09-11 14:29:22: dev_match_handler
2011-09-11 14:29:23: dev_match_handler
2011-09-11 14:29:26: dev_match_handler
2011-09-11 14:29:29: dev_match_handler
2011-09-11 14:29:32: dev_match_handler
2011-09-11 14:29:34: dev_match_handler
2011-09-11 14:29:38: dev_match_handler
2011-09-11 14:29:41: dev_match_handler
2011-09-11 14:29:44: dev_match_handler
2011-09-11 14:29:47: dev_match_handler
2011-09-11 14:29:50: dev_match_handler
2011-09-11 14:29:52: dev_match_handler
2011-09-11 14:29:55: dev_match_handler
2011-09-11 14:29:58: dev_match_handler
2011-09-11 14:30:00: dev_match_handler
2011-09-11 14:30:03: dev_match_handler
2011-09-11 14:30:06: dev_match_handler
2011-09-11 14:30:08: dev_match_handler
2011-09-11 14:30:11: dev_match_handler
2011-09-11 14:30:14: dev_match_handler
2011-09-11 14:30:17: dev_match_handler
2011-09-11 14:30:19: dev_match_handler
2011-09-11 14:30:22: dev_match_handler
2011-09-11 14:30:25: dev_match_handler
2011-09-11 14:30:28: dev_match_handler
2011-09-11 14:30:30: dev_match_handler
2011-09-11 14:30:33: dev_match_handler
2011-09-11 14:30:36: dev_match_handler
2011-09-11 14:30:39: dev_match_handler
2011-09-11 14:30:42: dev_match_handler
2011-09-11 14:30:44: dev_match_handler
2011-09-11 14:30:47: dev_match_handler
2011-09-11 14:30:50: dev_match_handler
2011-09-11 14:30:52: dev_match_handler
2011-09-11 14:30:54: dev_match_handler
2011-09-11 14:30:57: dev_match_handler
2011-09-11 14:31:00: dev_match_handler
2011-09-11 14:31:02: dev_match_handler
2011-09-11 14:31:05: dev_match_handler
2011-09-11 14:31:08: dev_match_handler
2011-09-11 14:31:11: dev_match_handler
2011-09-11 14:31:13: dev_match_handler
2011-09-11 14:31:16: dev_match_handler
2011-09-11 14:31:19: dev_match_handler
2011-09-11 14:31:22: dev_match_handler
2011-09-11 14:31:24: dev_match_handler
2011-09-11 14:31:27: dev_match_handler
2011-09-11 14:31:30: dev_match_handler
2011-09-11 14:31:33: dev_match_handler
2011-09-11 14:31:35: dev_match_handler
2011-09-11 14:31:38: dev_match_handler
2011-09-11 14:31:41: dev_match_handler
2011-09-11 14:31:43: dev_match_handler
2011-09-11 14:31:46: dev_match_handler
2011-09-11 14:31:49: dev_match_handler
2011-09-11 14:31:51: dev_match_handler
2011-09-11 14:31:54: dev_match_handler
2011-09-11 14:31:57: dev_match_handler
2011-09-11 14:31:59: dev_match_handler
2011-09-11 14:32:02: dev_match_handler
2011-09-11 14:32:05: dev_match_handler
2011-09-11 14:32:07: dev_match_handler
2011-09-11 14:32:10: dev_match_handler
2011-09-11 14:32:13: dev_match_handler
2011-09-11 14:32:15: dev_match_handler
2011-09-11 14:32:18: dev_match_handler
2011-09-11 14:32:21: dev_match_handler
2011-09-11 14:32:24: dev_match_handler
2011-09-11 14:32:26: dev_match_handler
2011-09-11 14:32:29: dev_match_handler
2011-09-11 14:32:32: dev_match_handler
2011-09-11 14:32:34: dev_match_handler
2011-09-11 14:32:37: dev_match_handler
2011-09-11 14:32:40: dev_match_handler
2011-09-11 14:32:42: dev_match_handler
2011-09-11 14:32:45: dev_match_handler
2011-09-11 14:32:48: dev_match_handler
2011-09-11 14:32:50: dev_match_handler
2011-09-11 14:32:53: dev_match_handler
2011-09-11 14:32:56: dev_match_handler
2011-09-11 14:32:58: dev_match_handler
2011-09-11 14:33:01: dev_match_handler
2011-09-11 14:33:04: dev_match_handler
2011-09-11 14:33:06: dev_match_handler
2011-09-11 14:33:09: dev_match_handler
2011-09-11 14:33:12: dev_match_handler
2011-09-11 14:33:14: dev_match_handler
2011-09-11 14:33:17: dev_match_handler
2011-09-11 14:33:20: dev_match_handler
2011-09-11 14:33:23: dev_match_handler
2011-09-11 14:33:25: dev_match_handler
2011-09-11 14:33:28: dev_match_handler
2011-09-11 14:33:31: dev_match_handler
2011-09-11 14:33:33: dev_match_handler
2011-09-11 14:33:36: dev_match_handler
2011-09-11 14:33:39: dev_match_handler
2011-09-11 14:33:41: dev_match_handler
2011-09-11 14:33:44: dev_match_handler
2011-09-11 14:33:47: dev_match_handler
2011-09-11 14:33:49: dev_match_handler
2011-09-11 14:33:52: dev_match_handler
2011-09-11 14:33:55: dev_match_handler
2011-09-11 14:33:57: dev_match_handler
2011-09-11 14:34:00: dev_match_handler
2011-09-11 14:34:03: dev_match_handler
2011-09-11 14:34:06: dev_match_handler
2011-09-11 14:34:08: dev_match_handler
2011-09-11 14:34:11: dev_match_handler
2011-09-11 14:34:20: round_update_handler
2011-09-11 14:34:47: round_update_handler
2011-09-11 14:35:12: round_update_handler
2011-09-11 14:35:41: round_update_handler
2011-09-11 14:36:05: round_update_handler
2011-09-11 14:36:30: round_update_handler
2011-09-11 14:36:55: round_update_handler
2011-09-11 14:37:20: round_update_handler
2011-09-11 14:37:44: round_update_handler
2011-09-11 14:38:09: round_update_handler
2011-09-11 14:38:44: round_update_handler
2011-09-11 14:39:12: round_update_handler
2011-09-11 15:19:15: devcup_match_handler
2011-09-11 15:19:18: devcup_match_handler
2011-09-11 15:19:21: devcup_match_handler
2011-09-11 15:19:24: devcup_match_handler
2011-09-11 15:19:27: devcup_match_handler
2011-09-11 15:19:30: devcup_match_handler
2011-09-11 15:19:33: devcup_match_handler
2011-09-11 15:19:36: devcup_match_handler
2011-09-11 15:19:39: devcup_match_handler
2011-09-11 15:19:42: devcup_match_handler
2011-09-11 15:19:45: devcup_match_handler
2011-09-11 15:19:48: devcup_match_handler
2011-09-11 15:19:50: devcup_match_handler
2011-09-11 15:19:53: devcup_match_handler
2011-09-11 15:19:55: devcup_match_handler
2011-09-11 15:19:58: devcup_match_handler
2011-09-11 15:20:01: devcup_match_handler
2011-09-11 15:20:04: devcup_match_handler
2011-09-11 15:20:06: devcup_match_handler
2011-09-11 15:20:09: devcup_match_handler
2011-09-11 15:20:12: devcup_match_handler
2011-09-11 15:20:14: devcup_match_handler
2011-09-11 15:20:18: devcup_match_handler
2011-09-11 15:20:21: devcup_match_handler
2011-09-11 15:20:32: cup_match_handler
2011-09-11 15:20:40: cup_match_handler
2011-09-11 15:20:41: cup_match_handler
2011-09-11 15:20:44: cup_match_handler
2011-09-11 15:20:47: cup_match_handler
2011-09-11 15:20:48: cup_match_handler
2011-09-11 15:20:51: cup_match_handler
2011-09-11 15:20:55: cup_match_handler
2011-09-11 15:20:58: cup_match_handler
2011-09-11 15:21:00: cup_match_handler
2011-09-11 15:21:03: cup_match_handler
2011-09-11 15:21:06: cup_match_handler
2011-09-11 15:21:09: cup_match_handler
2011-09-11 15:21:12: cup_match_handler
2011-09-11 15:21:15: cup_match_handler
2011-09-11 15:21:19: cup_match_handler
2011-09-11 15:21:21: cup_match_handler
2011-09-11 15:21:24: cup_match_handler
2011-09-11 15:21:27: cup_match_handler
2011-09-11 15:21:30: cup_match_handler
2011-09-11 15:21:33: cup_match_handler
2011-09-11 15:21:37: cup_match_handler
2011-09-11 15:21:39: cup_match_handler
2011-09-11 15:21:42: cup_match_handler
2011-09-11 15:21:45: cup_match_handler
2011-09-11 15:21:48: cup_match_handler
2011-09-11 15:21:51: cup_match_handler
2011-09-11 15:21:53: cup_match_handler
2011-09-11 15:21:56: cup_match_handler
2011-09-11 15:21:59: cup_match_handler
2011-09-11 15:22:05: cup_match_handler
2011-09-11 15:22:08: cup_match_handler
2011-09-11 15:22:10: cup_match_handler
2011-09-11 15:22:13: cup_match_handler
2011-09-11 15:22:16: cup_match_handler
2011-09-11 15:22:19: cup_match_handler
2011-09-11 15:22:22: cup_match_handler
2011-09-11 15:22:25: cup_match_handler
2011-09-11 15:22:28: cup_match_handler
2011-09-11 15:22:31: cup_match_handler
2011-09-11 15:22:35: cup_match_handler
2011-09-11 15:22:36: cup_match_handler
2011-09-11 15:22:39: cup_match_handler
2011-09-11 15:22:40: cup_match_handler
2011-09-11 15:22:43: cup_match_handler
2011-09-11 15:22:47: cup_match_handler
2011-09-11 15:22:49: cup_match_handler
2011-09-11 15:22:53: cup_match_handler
2011-09-11 15:22:55: cup_match_handler
2011-09-11 15:22:56: cup_match_handler
2011-09-11 15:22:59: cup_match_handler
2011-09-11 15:23:00: cup_match_handler
2011-09-11 15:23:03: cup_match_handler
2011-09-11 15:23:06: cup_match_handler
2011-09-11 15:23:08: cup_match_handler
2011-09-11 15:23:11: cup_match_handler
2011-09-11 15:23:14: cup_match_handler
2011-09-11 15:23:18: cup_match_handler
2011-09-11 15:23:21: cup_match_handler
2011-09-11 15:23:26: cup_match_handler
2011-09-11 15:23:28: cup_match_handler
2011-09-11 15:23:31: cup_match_handler
2011-09-11 15:23:35: cup_match_handler
2011-09-11 15:23:40: cup_match_handler
2011-09-11 15:23:43: cup_match_handler
2011-09-11 15:23:47: cup_match_handler
2011-09-11 15:23:50: cup_match_handler
2011-09-11 19:41:05: round_update_handler
2011-09-11 19:41:17: dev_match_handler
2011-09-11 19:41:20: dev_match_handler
2011-09-11 19:41:23: dev_match_handler
2011-09-11 19:41:26: dev_match_handler
2011-09-11 19:41:29: dev_match_handler
2011-09-11 19:41:32: dev_match_handler
2011-09-11 19:41:34: dev_match_handler
2011-09-11 19:41:37: dev_match_handler
2011-09-11 19:41:40: dev_match_handler
2011-09-11 19:41:43: dev_match_handler
2011-09-11 19:41:46: dev_match_handler
2011-09-11 19:41:49: dev_match_handler
2011-09-11 19:41:52: dev_match_handler
2011-09-11 19:41:54: dev_match_handler
2011-09-11 19:41:57: dev_match_handler
2011-09-11 19:42:00: dev_match_handler
2011-09-11 19:42:02: dev_match_handler
2011-09-11 19:42:05: dev_match_handler
2011-09-11 19:42:08: dev_match_handler
2011-09-11 19:42:11: dev_match_handler
2011-09-11 19:42:13: dev_match_handler
2011-09-11 19:42:16: dev_match_handler
2011-09-11 19:42:19: dev_match_handler
2011-09-11 19:42:22: dev_match_handler
2011-09-11 19:42:25: dev_match_handler
2011-09-11 19:42:27: dev_match_handler
2011-09-11 19:42:30: dev_match_handler
2011-09-11 19:42:33: dev_match_handler
2011-09-11 19:42:35: dev_match_handler
2011-09-11 19:42:38: dev_match_handler
2011-09-11 19:42:41: dev_match_handler
2011-09-11 19:42:44: dev_match_handler
2011-09-11 19:42:47: dev_match_handler
2011-09-11 19:42:49: dev_match_handler
2011-09-11 19:42:53: dev_match_handler
2011-09-11 19:42:55: dev_match_handler
2011-09-11 19:42:58: dev_match_handler
2011-09-11 19:43:01: dev_match_handler
2011-09-11 19:43:04: dev_match_handler
2011-09-11 19:43:07: dev_match_handler
2011-09-11 19:43:09: dev_match_handler
2011-09-11 19:43:12: dev_match_handler
2011-09-11 19:43:15: dev_match_handler
2011-09-11 19:43:17: dev_match_handler
2011-09-11 19:43:18: dev_match_handler
2011-09-11 19:43:21: dev_match_handler
2011-09-11 19:43:24: dev_match_handler
2011-09-11 19:43:27: dev_match_handler
2011-09-11 19:43:29: dev_match_handler
2011-09-11 19:43:32: dev_match_handler
2011-09-11 19:43:35: dev_match_handler
2011-09-11 19:43:38: dev_match_handler
2011-09-11 19:43:41: dev_match_handler
2011-09-11 19:43:44: dev_match_handler
2011-09-11 19:43:46: dev_match_handler
2011-09-11 19:43:49: dev_match_handler
2011-09-11 19:43:52: dev_match_handler
2011-09-11 19:43:55: dev_match_handler
2011-09-11 19:43:57: dev_match_handler
2011-09-11 19:44:00: dev_match_handler
2011-09-11 19:44:01: dev_match_handler
2011-09-11 19:44:04: dev_match_handler
2011-09-11 19:44:07: dev_match_handler
2011-09-11 19:44:10: dev_match_handler
2011-09-11 19:44:13: dev_match_handler
2011-09-11 19:44:15: dev_match_handler
2011-09-11 19:44:18: dev_match_handler
2011-09-11 19:44:21: dev_match_handler
2011-09-11 19:44:23: dev_match_handler
2011-09-11 19:44:26: dev_match_handler
2011-09-11 19:44:29: dev_match_handler
2011-09-11 19:44:32: dev_match_handler
2011-09-11 19:44:34: dev_match_handler
2011-09-11 19:44:37: dev_match_handler
2011-09-11 19:44:40: dev_match_handler
2011-09-11 19:44:43: dev_match_handler
2011-09-11 19:44:46: dev_match_handler
2011-09-11 19:44:48: dev_match_handler
2011-09-11 19:44:51: dev_match_handler
2011-09-11 19:44:54: dev_match_handler
2011-09-11 19:44:56: dev_match_handler
2011-09-11 19:44:59: dev_match_handler
2011-09-11 19:45:02: dev_match_handler
2011-09-11 19:45:05: dev_match_handler
2011-09-11 19:45:06: dev_match_handler
2011-09-11 19:45:09: dev_match_handler
2011-09-11 19:45:12: dev_match_handler
2011-09-11 19:45:15: dev_match_handler
2011-09-11 19:45:17: dev_match_handler
2011-09-11 19:45:20: dev_match_handler
2011-09-11 19:45:23: dev_match_handler
2011-09-11 19:45:25: dev_match_handler
2011-09-11 19:45:28: dev_match_handler
2011-09-11 19:45:31: dev_match_handler
2011-09-11 19:45:33: dev_match_handler
2011-09-11 19:45:36: dev_match_handler
2011-09-11 19:45:39: dev_match_handler
2011-09-11 19:45:41: dev_match_handler
2011-09-11 19:45:44: dev_match_handler
2011-09-11 19:45:47: dev_match_handler
2011-09-11 19:45:50: dev_match_handler
2011-09-11 19:45:53: dev_match_handler
2011-09-11 19:45:56: dev_match_handler
2011-09-11 19:45:58: dev_match_handler
2011-09-11 19:46:01: dev_match_handler
2011-09-11 19:46:03: dev_match_handler
2011-09-11 19:46:06: dev_match_handler
2011-09-11 19:46:09: dev_match_handler
2011-09-11 19:46:12: dev_match_handler
2011-09-11 19:46:15: dev_match_handler
2011-09-11 19:46:17: dev_match_handler
2011-09-11 19:46:20: dev_match_handler
2011-09-11 19:46:23: dev_match_handler
2011-09-11 19:46:26: dev_match_handler
2011-09-11 19:46:29: dev_match_handler
2011-09-11 19:46:31: dev_match_handler
2011-09-11 19:46:34: dev_match_handler
2011-09-11 19:46:37: dev_match_handler
2011-09-11 19:46:39: dev_match_handler
2011-09-11 19:46:42: dev_match_handler
2011-09-11 19:46:45: dev_match_handler
2011-09-11 19:46:48: dev_match_handler
2011-09-11 19:46:51: dev_match_handler
2011-09-11 19:46:52: dev_match_handler
2011-09-11 19:46:55: dev_match_handler
2011-09-11 19:46:58: dev_match_handler
2011-09-11 19:47:01: dev_match_handler
2011-09-11 19:47:04: dev_match_handler
2011-09-11 19:47:06: dev_match_handler
2011-09-11 19:47:09: dev_match_handler
2011-09-11 19:47:12: dev_match_handler
2011-09-11 19:47:15: dev_match_handler
2011-09-11 19:47:18: dev_match_handler
2011-09-11 19:47:20: dev_match_handler
2011-09-11 19:47:24: dev_match_handler
2011-09-11 19:47:27: dev_match_handler
2011-09-11 19:47:30: dev_match_handler
2011-09-11 19:47:33: dev_match_handler
2011-09-11 19:47:36: dev_match_handler
2011-09-11 19:47:39: dev_match_handler
2011-09-11 19:47:41: dev_match_handler
2011-09-11 19:47:44: dev_match_handler
2011-09-11 19:47:47: dev_match_handler
2011-09-11 19:47:50: dev_match_handler
2011-09-11 19:47:53: dev_match_handler
2011-09-11 19:47:56: dev_match_handler
2011-09-11 19:47:59: dev_match_handler
2011-09-11 19:48:01: dev_match_handler
2011-09-11 19:48:04: dev_match_handler
2011-09-11 19:48:07: dev_match_handler
2011-09-11 19:48:09: dev_match_handler
2011-09-11 19:48:12: dev_match_handler
2011-09-11 19:48:15: dev_match_handler
2011-09-11 19:48:18: dev_match_handler
2011-09-11 19:48:20: dev_match_handler
2011-09-11 19:48:23: dev_match_handler
2011-09-11 19:48:26: dev_match_handler
2011-09-11 19:48:29: dev_match_handler
2011-09-11 19:48:31: dev_match_handler
2011-09-11 19:48:34: dev_match_handler
2011-09-11 19:48:37: dev_match_handler
2011-09-11 19:48:39: dev_match_handler
2011-09-11 19:48:42: dev_match_handler
2011-09-11 19:48:45: dev_match_handler
2011-09-11 19:48:48: dev_match_handler
2011-09-11 19:48:50: dev_match_handler
2011-09-11 19:48:53: dev_match_handler
2011-09-11 19:48:56: dev_match_handler
2011-09-11 19:48:59: dev_match_handler
2011-09-11 19:49:01: dev_match_handler
2011-09-11 19:49:04: dev_match_handler
2011-09-11 19:49:07: dev_match_handler
2011-09-11 19:49:09: dev_match_handler
2011-09-11 19:49:12: dev_match_handler
2011-09-11 19:49:15: dev_match_handler
2011-09-11 19:49:18: dev_match_handler
2011-09-11 19:49:20: dev_match_handler
2011-09-11 19:49:23: dev_match_handler
2011-09-11 19:49:26: dev_match_handler
2011-09-11 19:49:29: dev_match_handler
2011-09-11 19:49:31: dev_match_handler
2011-09-11 19:49:34: dev_match_handler
2011-09-11 19:49:37: dev_match_handler
2011-09-11 19:49:40: dev_match_handler
2011-09-11 19:49:42: dev_match_handler
2011-09-11 19:49:45: dev_match_handler
2011-09-11 19:49:48: dev_match_handler
2011-09-11 19:49:50: dev_match_handler
2011-09-11 19:49:53: dev_match_handler
2011-09-11 19:49:56: dev_match_handler
2011-09-11 19:49:59: dev_match_handler
2011-09-11 19:50:01: dev_match_handler
2011-09-11 19:50:04: dev_match_handler
2011-09-11 19:50:07: dev_match_handler
2011-09-11 19:50:10: dev_match_handler
2011-09-11 19:50:13: dev_match_handler
2011-09-11 19:50:15: dev_match_handler
2011-09-11 19:50:17: dev_match_handler
2011-09-11 19:50:20: dev_match_handler
2011-09-11 19:50:22: dev_match_handler
2011-09-11 19:50:25: dev_match_handler
2011-09-11 19:50:28: dev_match_handler
2011-09-11 19:50:31: dev_match_handler
2011-09-11 19:50:33: dev_match_handler
2011-09-11 19:50:36: dev_match_handler
2011-09-11 19:50:39: dev_match_handler
2011-09-11 19:50:41: dev_match_handler
2011-09-11 19:50:44: dev_match_handler
2011-09-11 19:50:47: dev_match_handler
2011-09-11 19:50:49: dev_match_handler
2011-09-11 19:50:52: dev_match_handler
2011-09-11 19:50:55: dev_match_handler
2011-09-11 19:50:58: dev_match_handler
2011-09-11 19:51:01: dev_match_handler
2011-09-11 19:51:04: dev_match_handler
2011-09-11 19:51:06: dev_match_handler
2011-09-11 19:51:09: dev_match_handler
2011-09-11 19:51:12: dev_match_handler
2011-09-11 19:51:15: dev_match_handler
2011-09-11 19:51:18: dev_match_handler
2011-09-11 19:51:20: dev_match_handler
2011-09-11 19:51:23: dev_match_handler
2011-09-11 19:51:26: dev_match_handler
2011-09-11 19:51:29: dev_match_handler
2011-09-11 19:51:32: dev_match_handler
2011-09-11 19:51:34: dev_match_handler
2011-09-11 19:51:37: dev_match_handler
2011-09-11 19:51:40: dev_match_handler
2011-09-11 19:51:42: dev_match_handler
2011-09-11 19:51:45: dev_match_handler
2011-09-11 19:51:48: dev_match_handler
2011-09-11 19:51:51: dev_match_handler
2011-09-11 19:51:54: dev_match_handler
2011-09-11 19:51:56: dev_match_handler
2011-09-11 19:51:59: dev_match_handler
2011-09-11 19:52:10: round_update_handler
2011-09-11 19:52:37: round_update_handler
2011-09-11 19:53:02: round_update_handler
2011-09-11 19:53:30: round_update_handler
2011-09-11 19:53:55: round_update_handler
2011-09-11 19:54:21: round_update_handler
2011-09-11 19:54:46: round_update_handler
2011-09-11 20:30:49: round_update_handler
2011-09-11 20:31:02: dev_match_handler
2011-09-11 20:31:05: dev_match_handler
2011-09-11 20:31:08: dev_match_handler
2011-09-11 20:31:11: dev_match_handler
2011-09-11 20:31:14: dev_match_handler
2011-09-11 20:31:16: dev_match_handler
2011-09-11 20:31:19: dev_match_handler
2011-09-11 20:31:22: dev_match_handler
2011-09-11 20:31:24: dev_match_handler
2011-09-11 20:31:27: dev_match_handler
2011-09-11 20:31:30: dev_match_handler
2011-09-11 20:31:33: dev_match_handler
2011-09-11 20:31:35: dev_match_handler
2011-09-11 20:31:38: dev_match_handler
2011-09-11 20:31:41: dev_match_handler
2011-09-11 20:31:44: dev_match_handler
2011-09-11 20:31:47: dev_match_handler
2011-09-11 20:31:49: dev_match_handler
2011-09-11 20:31:52: dev_match_handler
2011-09-11 20:31:55: dev_match_handler
2011-09-11 20:31:57: dev_match_handler
2011-09-11 20:32:00: dev_match_handler
2011-09-11 20:32:03: dev_match_handler
2011-09-11 20:32:06: dev_match_handler
2011-09-11 20:32:09: dev_match_handler
2011-09-11 20:32:11: dev_match_handler
2011-09-11 20:32:14: dev_match_handler
2011-09-11 20:32:17: dev_match_handler
2011-09-11 20:32:20: dev_match_handler
2011-09-11 20:32:23: dev_match_handler
2011-09-11 20:32:25: dev_match_handler
2011-09-11 20:32:28: dev_match_handler
2011-09-11 20:32:31: dev_match_handler
2011-09-11 20:32:33: dev_match_handler
2011-09-11 20:32:37: dev_match_handler
2011-09-11 20:32:39: dev_match_handler
2011-09-11 20:32:42: dev_match_handler
2011-09-11 20:32:45: dev_match_handler
2011-09-11 20:32:47: dev_match_handler
2011-09-11 20:32:50: dev_match_handler
2011-09-11 20:32:53: dev_match_handler
2011-09-11 20:32:56: dev_match_handler
2011-09-11 20:32:59: dev_match_handler
2011-09-11 20:33:02: dev_match_handler
2011-09-11 20:33:04: dev_match_handler
2011-09-11 20:33:07: dev_match_handler
2011-09-11 20:33:08: dev_match_handler
2011-09-11 20:33:11: dev_match_handler
2011-09-11 20:33:14: dev_match_handler
2011-09-11 20:33:17: dev_match_handler
2011-09-11 20:33:19: dev_match_handler
2011-09-11 20:33:22: dev_match_handler
2011-09-11 20:33:25: dev_match_handler
2011-09-11 20:33:28: dev_match_handler
2011-09-11 20:33:30: dev_match_handler
2011-09-11 20:33:33: dev_match_handler
2011-09-11 20:33:34: dev_match_handler
2011-09-11 20:33:36: dev_match_handler
2011-09-11 20:33:38: dev_match_handler
2011-09-11 20:33:41: dev_match_handler
2011-09-11 20:33:44: dev_match_handler
2011-09-11 20:33:47: dev_match_handler
2011-09-11 20:33:49: dev_match_handler
2011-09-11 20:33:52: dev_match_handler
2011-09-11 20:33:55: dev_match_handler
2011-09-11 20:33:58: dev_match_handler
2011-09-11 20:34:01: dev_match_handler
2011-09-11 20:34:03: dev_match_handler
2011-09-11 20:34:05: dev_match_handler
2011-09-11 20:34:07: dev_match_handler
2011-09-11 20:34:10: dev_match_handler
2011-09-11 20:34:12: dev_match_handler
2011-09-11 20:34:15: dev_match_handler
2011-09-11 20:34:18: dev_match_handler
2011-09-11 20:34:21: dev_match_handler
2011-09-11 20:34:24: dev_match_handler
2011-09-11 20:34:27: dev_match_handler
2011-09-11 20:34:28: dev_match_handler
2011-09-11 20:34:31: dev_match_handler
2011-09-11 20:34:34: dev_match_handler
2011-09-11 20:34:36: dev_match_handler
2011-09-11 20:34:39: dev_match_handler
2011-09-11 20:34:42: dev_match_handler
2011-09-11 20:34:44: dev_match_handler
2011-09-11 20:34:47: dev_match_handler
2011-09-11 20:34:50: dev_match_handler
2011-09-11 20:34:53: dev_match_handler
2011-09-11 20:34:54: dev_match_handler
2011-09-11 20:34:57: dev_match_handler
2011-09-11 20:35:00: dev_match_handler
2011-09-11 20:35:03: dev_match_handler
2011-09-11 20:35:05: dev_match_handler
2011-09-11 20:35:08: dev_match_handler
2011-09-11 20:35:09: dev_match_handler
2011-09-11 20:35:12: dev_match_handler
2011-09-11 20:35:15: dev_match_handler
2011-09-11 20:35:17: dev_match_handler
2011-09-11 20:35:20: dev_match_handler
2011-09-11 20:35:23: dev_match_handler
2011-09-11 20:35:26: dev_match_handler
2011-09-11 20:35:29: dev_match_handler
2011-09-11 20:35:31: dev_match_handler
2011-09-11 20:35:34: dev_match_handler
2011-09-11 20:35:37: dev_match_handler
2011-09-11 20:35:39: dev_match_handler
2011-09-11 20:35:42: dev_match_handler
2011-09-11 20:35:45: dev_match_handler
2011-09-11 20:35:48: dev_match_handler
2011-09-11 20:35:51: dev_match_handler
2011-09-11 20:35:53: dev_match_handler
2011-09-11 20:35:56: dev_match_handler
2011-09-11 20:35:59: dev_match_handler
2011-09-11 20:36:02: dev_match_handler
2011-09-11 20:36:04: dev_match_handler
2011-09-11 20:36:07: dev_match_handler
2011-09-11 20:36:10: dev_match_handler
2011-09-11 20:36:13: dev_match_handler
2011-09-11 20:36:16: dev_match_handler
2011-09-11 20:36:18: dev_match_handler
2011-09-11 20:36:21: dev_match_handler
2011-09-11 20:36:24: dev_match_handler
2011-09-11 20:36:27: dev_match_handler
2011-09-11 20:36:30: dev_match_handler
2011-09-11 20:36:33: dev_match_handler
2011-09-11 20:36:36: dev_match_handler
2011-09-11 20:36:38: dev_match_handler
2011-09-11 20:36:41: dev_match_handler
2011-09-11 20:36:44: dev_match_handler
2011-09-11 20:36:46: dev_match_handler
2011-09-11 20:36:49: dev_match_handler
2011-09-11 20:36:52: dev_match_handler
2011-09-11 20:36:55: dev_match_handler
2011-09-11 20:36:58: dev_match_handler
2011-09-11 20:37:00: dev_match_handler
2011-09-11 20:37:04: dev_match_handler
2011-09-11 20:37:06: dev_match_handler
2011-09-11 20:37:09: dev_match_handler
2011-09-11 20:37:12: dev_match_handler
2011-09-11 20:37:15: dev_match_handler
2011-09-11 20:37:16: dev_match_handler
2011-09-11 20:37:19: dev_match_handler
2011-09-11 20:37:22: dev_match_handler
2011-09-11 20:37:24: dev_match_handler
2011-09-11 20:37:27: dev_match_handler
2011-09-11 20:37:30: dev_match_handler
2011-09-11 20:37:33: dev_match_handler
2011-09-11 20:37:36: dev_match_handler
2011-09-11 20:37:39: dev_match_handler
2011-09-11 20:37:41: dev_match_handler
2011-09-11 20:37:44: dev_match_handler
2011-09-11 20:37:47: dev_match_handler
2011-09-11 20:37:48: dev_match_handler
2011-09-11 20:37:51: dev_match_handler
2011-09-11 20:37:53: dev_match_handler
2011-09-11 20:37:56: dev_match_handler
2011-09-11 20:37:59: dev_match_handler
2011-09-11 20:38:00: dev_match_handler
2011-09-11 20:38:03: dev_match_handler
2011-09-11 20:38:06: dev_match_handler
2011-09-11 20:38:09: dev_match_handler
2011-09-11 20:38:11: dev_match_handler
2011-09-11 20:38:14: dev_match_handler
2011-09-11 20:38:17: dev_match_handler
2011-09-11 20:38:19: dev_match_handler
2011-09-11 20:38:21: dev_match_handler
2011-09-11 20:38:23: dev_match_handler
2011-09-11 20:38:26: dev_match_handler
2011-09-11 20:38:29: dev_match_handler
2011-09-11 20:38:32: dev_match_handler
2011-09-11 20:38:35: dev_match_handler
2011-09-11 20:38:37: dev_match_handler
2011-09-11 20:38:40: dev_match_handler
2011-09-11 20:38:43: dev_match_handler
2011-09-11 20:38:45: dev_match_handler
2011-09-11 20:38:48: dev_match_handler
2011-09-11 20:38:51: dev_match_handler
2011-09-11 20:38:54: dev_match_handler
2011-09-11 20:38:57: dev_match_handler
2011-09-11 20:39:00: dev_match_handler
2011-09-11 20:39:02: dev_match_handler
2011-09-11 20:39:05: dev_match_handler
2011-09-11 20:39:08: dev_match_handler
2011-09-11 20:39:10: dev_match_handler
2011-09-11 20:39:13: dev_match_handler
2011-09-11 20:39:16: dev_match_handler
2011-09-11 20:39:19: dev_match_handler
2011-09-11 20:39:22: dev_match_handler
2011-09-11 20:39:24: dev_match_handler
2011-09-11 20:39:27: dev_match_handler
2011-09-11 20:39:30: dev_match_handler
2011-09-11 20:39:33: dev_match_handler
2011-09-11 20:39:36: dev_match_handler
2011-09-11 20:39:38: dev_match_handler
2011-09-11 20:39:41: dev_match_handler
2011-09-11 20:39:44: dev_match_handler
2011-09-11 20:39:46: dev_match_handler
2011-09-11 20:39:49: dev_match_handler
2011-09-11 20:39:52: dev_match_handler
2011-09-11 20:39:54: dev_match_handler
2011-09-11 20:39:57: dev_match_handler
2011-09-11 20:40:00: dev_match_handler
2011-09-11 20:40:01: dev_match_handler
2011-09-11 20:40:04: dev_match_handler
2011-09-11 20:40:07: dev_match_handler
2011-09-11 20:40:10: dev_match_handler
2011-09-11 20:40:12: dev_match_handler
2011-09-11 20:40:15: dev_match_handler
2011-09-11 20:40:16: dev_match_handler
2011-09-11 20:40:20: dev_match_handler
2011-09-11 20:40:22: dev_match_handler
2011-09-11 20:40:25: dev_match_handler
2011-09-11 20:40:28: dev_match_handler
2011-09-11 20:40:31: dev_match_handler
2011-09-11 20:40:33: dev_match_handler
2011-09-11 20:40:36: dev_match_handler
2011-09-11 20:40:39: dev_match_handler
2011-09-11 20:40:42: dev_match_handler
2011-09-11 20:40:45: dev_match_handler
2011-09-11 20:40:48: dev_match_handler
2011-09-11 20:40:50: dev_match_handler
2011-09-11 20:40:57: dev_match_handler
2011-09-11 20:41:00: dev_match_handler
2011-09-11 20:41:02: dev_match_handler
2011-09-11 20:41:05: dev_match_handler
2011-09-11 20:41:08: dev_match_handler
2011-09-11 20:41:09: dev_match_handler
2011-09-11 20:41:11: dev_match_handler
2011-09-11 20:41:14: dev_match_handler
2011-09-11 20:41:17: dev_match_handler
2011-09-11 20:41:20: dev_match_handler
2011-09-11 20:41:23: dev_match_handler
2011-09-11 20:41:25: dev_match_handler
2011-09-11 20:41:28: dev_match_handler
2011-09-11 20:41:31: dev_match_handler
2011-09-11 20:41:33: dev_match_handler
2011-09-11 20:41:46: round_update_handler
2011-09-11 20:42:16: round_update_handler
2011-09-11 20:42:41: round_update_handler
2011-09-11 20:43:10: round_update_handler
2011-09-11 20:43:37: round_update_handler
2011-09-11 20:44:02: round_update_handler
2011-09-11 21:16:37: round_update_handler
2011-09-11 21:16:50: dev_match_handler
2011-09-11 21:16:53: dev_match_handler
2011-09-11 21:16:56: dev_match_handler
2011-09-11 21:16:59: dev_match_handler
2011-09-11 21:17:02: dev_match_handler
2011-09-11 21:17:05: dev_match_handler
2011-09-11 21:17:07: dev_match_handler
2011-09-11 21:17:11: dev_match_handler
2011-09-11 21:17:13: dev_match_handler
2011-09-11 21:17:16: dev_match_handler
2011-09-11 21:17:19: dev_match_handler
2011-09-11 21:17:22: dev_match_handler
2011-09-11 21:17:24: dev_match_handler
2011-09-11 21:17:27: dev_match_handler
2011-09-11 21:17:30: dev_match_handler
2011-09-11 21:17:33: dev_match_handler
2011-09-11 21:17:36: dev_match_handler
2011-09-11 21:17:39: dev_match_handler
2011-09-11 21:17:41: dev_match_handler
2011-09-11 21:17:44: dev_match_handler
2011-09-11 21:17:47: dev_match_handler
2011-09-11 21:17:50: dev_match_handler
2011-09-11 21:17:52: dev_match_handler
2011-09-11 21:17:56: dev_match_handler
2011-09-11 21:17:59: dev_match_handler
2011-09-11 21:18:01: dev_match_handler
2011-09-11 21:18:04: dev_match_handler
2011-09-11 21:18:07: dev_match_handler
2011-09-11 21:18:10: dev_match_handler
2011-09-11 21:18:13: dev_match_handler
2011-09-11 21:18:15: dev_match_handler
2011-09-11 21:18:18: dev_match_handler
2011-09-11 21:18:21: dev_match_handler
2011-09-11 21:18:23: dev_match_handler
2011-09-11 21:18:26: dev_match_handler
2011-09-11 21:18:29: dev_match_handler
2011-09-11 21:18:32: dev_match_handler
2011-09-11 21:18:35: dev_match_handler
2011-09-11 21:18:37: dev_match_handler
2011-09-11 21:18:40: dev_match_handler
2011-09-11 21:18:43: dev_match_handler
2011-09-11 21:18:45: dev_match_handler
2011-09-11 21:18:48: dev_match_handler
2011-09-11 21:18:51: dev_match_handler
2011-09-11 21:18:52: dev_match_handler
2011-09-11 21:18:55: dev_match_handler
2011-09-11 21:18:58: dev_match_handler
2011-09-11 21:19:01: dev_match_handler
2011-09-11 21:19:04: dev_match_handler
2011-09-11 21:19:06: dev_match_handler
2011-09-11 21:19:09: dev_match_handler
2011-09-11 21:19:12: dev_match_handler
2011-09-11 21:19:15: dev_match_handler
2011-09-11 21:19:18: dev_match_handler
2011-09-11 21:19:20: dev_match_handler
2011-09-11 21:19:24: dev_match_handler
2011-09-11 21:19:26: dev_match_handler
2011-09-11 21:19:29: dev_match_handler
2011-09-11 21:19:32: dev_match_handler
2011-09-11 21:19:35: dev_match_handler
2011-09-11 21:19:37: dev_match_handler
2011-09-11 21:19:40: dev_match_handler
2011-09-11 21:19:43: dev_match_handler
2011-09-11 21:19:46: dev_match_handler
2011-09-11 21:19:49: dev_match_handler
2011-09-11 21:19:52: dev_match_handler
2011-09-11 21:19:54: dev_match_handler
2011-09-11 21:19:57: dev_match_handler
2011-09-11 21:20:00: dev_match_handler
2011-09-11 21:20:01: dev_match_handler
2011-09-11 21:20:04: dev_match_handler
2011-09-11 21:20:06: dev_match_handler
2011-09-11 21:20:09: dev_match_handler
2011-09-11 21:20:13: dev_match_handler
2011-09-11 21:20:15: dev_match_handler
2011-09-11 21:20:18: dev_match_handler
2011-09-11 21:20:20: dev_match_handler
2011-09-11 21:20:22: dev_match_handler
2011-09-11 21:20:25: dev_match_handler
2011-09-11 21:20:28: dev_match_handler
2011-09-11 21:20:31: dev_match_handler
2011-09-11 21:20:33: dev_match_handler
2011-09-11 21:20:36: dev_match_handler
2011-09-11 21:20:39: dev_match_handler
2011-09-11 21:20:41: dev_match_handler
2011-09-11 21:20:44: dev_match_handler
2011-09-11 21:20:47: dev_match_handler
2011-09-11 21:20:49: dev_match_handler
2011-09-11 21:20:52: dev_match_handler
2011-09-11 21:20:55: dev_match_handler
2011-09-11 21:20:58: dev_match_handler
2011-09-11 21:21:00: dev_match_handler
2011-09-11 21:21:03: dev_match_handler
2011-09-11 21:21:06: dev_match_handler
2011-09-11 21:21:09: dev_match_handler
2011-09-11 21:21:11: dev_match_handler
2011-09-11 21:21:14: dev_match_handler
2011-09-11 21:21:17: dev_match_handler
2011-09-11 21:21:19: dev_match_handler
2011-09-11 21:21:22: dev_match_handler
2011-09-11 21:21:25: dev_match_handler
2011-09-11 21:21:27: dev_match_handler
2011-09-11 21:21:30: dev_match_handler
2011-09-11 21:21:33: dev_match_handler
2011-09-11 21:21:35: dev_match_handler
2011-09-11 21:21:38: dev_match_handler
2011-09-11 21:21:41: dev_match_handler
2011-09-11 21:21:44: dev_match_handler
2011-09-11 21:21:47: dev_match_handler
2011-09-11 21:21:49: dev_match_handler
2011-09-11 21:21:52: dev_match_handler
2011-09-11 21:21:53: dev_match_handler
2011-09-11 21:21:56: dev_match_handler
2011-09-11 21:21:59: dev_match_handler
2011-09-11 21:22:01: dev_match_handler
2011-09-11 21:22:04: dev_match_handler
2011-09-11 21:22:05: dev_match_handler
2011-09-11 21:22:08: dev_match_handler
2011-09-11 21:22:11: dev_match_handler
2011-09-11 21:22:13: dev_match_handler
2011-09-11 21:22:16: dev_match_handler
2011-09-11 21:22:19: dev_match_handler
2011-09-11 21:22:22: dev_match_handler
2011-09-11 21:22:24: dev_match_handler
2011-09-11 21:22:27: dev_match_handler
2011-09-11 21:22:30: dev_match_handler
2011-09-11 21:22:32: dev_match_handler
2011-09-11 21:22:35: dev_match_handler
2011-09-11 21:22:38: dev_match_handler
2011-09-11 21:22:41: dev_match_handler
2011-09-11 21:22:44: dev_match_handler
2011-09-11 21:22:46: dev_match_handler
2011-09-11 21:22:49: dev_match_handler
2011-09-11 21:22:52: dev_match_handler
2011-09-11 21:22:54: dev_match_handler
2011-09-11 21:22:57: dev_match_handler
2011-09-11 21:23:00: dev_match_handler
2011-09-11 21:23:02: dev_match_handler
2011-09-11 21:23:05: dev_match_handler
2011-09-11 21:23:08: dev_match_handler
2011-09-11 21:23:10: dev_match_handler
2011-09-11 21:23:13: dev_match_handler
2011-09-11 21:23:16: dev_match_handler
2011-09-11 21:23:18: dev_match_handler
2011-09-11 21:23:21: dev_match_handler
2011-09-11 21:23:24: dev_match_handler
2011-09-11 21:23:27: dev_match_handler
2011-09-11 21:23:29: dev_match_handler
2011-09-11 21:23:32: dev_match_handler
2011-09-11 21:23:35: dev_match_handler
2011-09-11 21:23:37: dev_match_handler
2011-09-11 21:23:40: dev_match_handler
2011-09-11 21:23:43: dev_match_handler
2011-09-11 21:23:45: dev_match_handler
2011-09-11 21:23:48: dev_match_handler
2011-09-11 21:23:51: dev_match_handler
2011-09-11 21:23:53: dev_match_handler
2011-09-11 21:23:56: dev_match_handler
2011-09-11 21:23:59: dev_match_handler
2011-09-11 21:24:01: dev_match_handler
2011-09-11 21:24:04: dev_match_handler
2011-09-11 21:24:07: dev_match_handler
2011-09-11 21:24:09: dev_match_handler
2011-09-11 21:24:12: dev_match_handler
2011-09-11 21:24:15: dev_match_handler
2011-09-11 21:24:17: dev_match_handler
2011-09-11 21:24:20: dev_match_handler
2011-09-11 21:24:23: dev_match_handler
2011-09-11 21:24:26: dev_match_handler
2011-09-11 21:24:28: dev_match_handler
2011-09-11 21:24:31: dev_match_handler
2011-09-11 21:24:34: dev_match_handler
2011-09-11 21:24:36: dev_match_handler
2011-09-11 21:24:39: dev_match_handler
2011-09-11 21:24:42: dev_match_handler
2011-09-11 21:24:44: dev_match_handler
2011-09-11 21:24:47: dev_match_handler
2011-09-11 21:24:50: dev_match_handler
2011-09-11 21:24:52: dev_match_handler
2011-09-11 21:24:55: dev_match_handler
2011-09-11 21:24:58: dev_match_handler
2011-09-11 21:25:00: dev_match_handler
2011-09-11 21:25:03: dev_match_handler
2011-09-11 21:25:06: dev_match_handler
2011-09-11 21:25:08: dev_match_handler
2011-09-11 21:25:11: dev_match_handler
2011-09-11 21:25:14: dev_match_handler
2011-09-11 21:25:16: dev_match_handler
2011-09-11 21:25:19: dev_match_handler
2011-09-11 21:25:22: dev_match_handler
2011-09-11 21:25:24: dev_match_handler
2011-09-11 21:25:27: dev_match_handler
2011-09-11 21:25:30: dev_match_handler
2011-09-11 21:25:32: dev_match_handler
2011-09-11 21:25:35: dev_match_handler
2011-09-11 21:25:38: dev_match_handler
2011-09-11 21:25:41: dev_match_handler
2011-09-11 21:25:43: dev_match_handler
2011-09-11 21:25:46: dev_match_handler
2011-09-11 21:25:49: dev_match_handler
2011-09-11 21:25:51: dev_match_handler
2011-09-11 21:25:54: dev_match_handler
2011-09-11 21:25:57: dev_match_handler
2011-09-11 21:25:59: dev_match_handler
2011-09-11 21:26:02: dev_match_handler
2011-09-11 21:26:05: dev_match_handler
2011-09-11 21:26:07: dev_match_handler
2011-09-11 21:26:10: dev_match_handler
2011-09-11 21:26:13: dev_match_handler
2011-09-11 21:26:15: dev_match_handler
2011-09-11 21:26:18: dev_match_handler
2011-09-11 21:26:21: dev_match_handler
2011-09-11 21:26:23: dev_match_handler
2011-09-11 21:26:26: dev_match_handler
2011-09-11 21:26:29: dev_match_handler
2011-09-11 21:26:31: dev_match_handler
2011-09-11 21:26:34: dev_match_handler
2011-09-11 21:26:37: dev_match_handler
2011-09-11 21:26:39: dev_match_handler
2011-09-11 21:26:42: dev_match_handler
2011-09-11 21:26:45: dev_match_handler
2011-09-11 21:26:47: dev_match_handler
2011-09-11 21:26:50: dev_match_handler
2011-09-11 21:26:53: dev_match_handler
2011-09-11 21:26:55: dev_match_handler
2011-09-11 21:26:58: dev_match_handler
2011-09-11 21:27:01: dev_match_handler
2011-09-11 21:27:03: dev_match_handler
2011-09-11 21:27:06: dev_match_handler
2011-09-11 21:27:09: dev_match_handler
2011-09-11 21:27:11: dev_match_handler
2011-09-11 21:27:14: dev_match_handler
2011-09-11 21:27:17: dev_match_handler
2011-09-11 21:27:20: dev_match_handler
2011-09-11 21:27:22: dev_match_handler
2011-09-11 21:27:33: round_update_handler
2011-09-11 23:12:52: round_update_handler
2011-09-11 23:13:03: dev_match_handler
2011-09-11 23:13:06: dev_match_handler
2011-09-11 23:13:09: dev_match_handler
2011-09-11 23:13:12: dev_match_handler
2011-09-11 23:13:15: dev_match_handler
2011-09-11 23:13:18: dev_match_handler
2011-09-11 23:13:21: dev_match_handler
2011-09-11 23:13:23: dev_match_handler
2011-09-11 23:13:26: dev_match_handler
2011-09-11 23:13:29: dev_match_handler
2011-09-11 23:13:30: dev_match_handler
2011-09-11 23:13:33: dev_match_handler
2011-09-11 23:13:36: dev_match_handler
2011-09-11 23:13:39: dev_match_handler
2011-09-11 23:13:42: dev_match_handler
2011-09-11 23:13:44: dev_match_handler
2011-09-11 23:13:47: dev_match_handler
2011-09-11 23:13:49: dev_match_handler
2011-09-11 23:13:51: dev_match_handler
2011-09-11 23:13:54: dev_match_handler
2011-09-11 23:13:57: dev_match_handler
2011-09-11 23:14:00: dev_match_handler
2011-09-11 23:14:03: dev_match_handler
2011-09-11 23:14:06: dev_match_handler
2011-09-11 23:14:08: dev_match_handler
2011-09-11 23:14:11: dev_match_handler
2011-09-11 23:14:14: dev_match_handler
2011-09-11 23:14:17: dev_match_handler
2011-09-11 23:14:20: dev_match_handler
2011-09-11 23:14:22: dev_match_handler
2011-09-11 23:14:25: dev_match_handler
2011-09-11 23:14:28: dev_match_handler
2011-09-11 23:14:29: dev_match_handler
2011-09-11 23:14:32: dev_match_handler
2011-09-11 23:14:35: dev_match_handler
2011-09-11 23:14:38: dev_match_handler
2011-09-11 23:14:41: dev_match_handler
2011-09-11 23:14:44: dev_match_handler
2011-09-11 23:14:46: dev_match_handler
2011-09-11 23:14:49: dev_match_handler
2011-09-11 23:14:52: dev_match_handler
2011-09-11 23:14:55: dev_match_handler
2011-09-11 23:14:58: dev_match_handler
2011-09-11 23:14:59: dev_match_handler
2011-09-11 23:15:02: dev_match_handler
2011-09-11 23:15:04: dev_match_handler
2011-09-11 23:15:06: dev_match_handler
2011-09-11 23:15:09: dev_match_handler
2011-09-11 23:15:11: dev_match_handler
2011-09-11 23:15:14: dev_match_handler
2011-09-11 23:15:17: dev_match_handler
2011-09-11 23:15:20: dev_match_handler
2011-09-11 23:15:23: dev_match_handler
2011-09-11 23:15:26: dev_match_handler
2011-09-11 23:15:28: dev_match_handler
2011-09-11 23:15:31: dev_match_handler
2011-09-11 23:15:34: dev_match_handler
2011-09-11 23:15:37: dev_match_handler
2011-09-11 23:15:40: dev_match_handler
2011-09-11 23:15:42: dev_match_handler
2011-09-11 23:15:45: dev_match_handler
2011-09-11 23:15:48: dev_match_handler
2011-09-11 23:15:51: dev_match_handler
2011-09-11 23:15:52: dev_match_handler
2011-09-11 23:15:53: dev_match_handler
2011-09-11 23:15:54: dev_match_handler
2011-09-11 23:15:57: dev_match_handler
2011-09-11 23:16:00: dev_match_handler
2011-09-11 23:16:03: dev_match_handler
2011-09-11 23:16:05: dev_match_handler
2011-09-11 23:16:08: dev_match_handler
2011-09-11 23:16:11: dev_match_handler
2011-09-11 23:16:12: dev_match_handler
2011-09-11 23:16:15: dev_match_handler
2011-09-11 23:16:16: dev_match_handler
2011-09-11 23:16:19: dev_match_handler
2011-09-11 23:16:20: dev_match_handler
2011-09-11 23:16:23: dev_match_handler
2011-09-11 23:16:26: dev_match_handler
2011-09-11 23:16:28: dev_match_handler
2011-09-11 23:16:31: dev_match_handler
2011-09-11 23:16:34: dev_match_handler
2011-09-11 23:16:37: dev_match_handler
2011-09-11 23:16:40: dev_match_handler
2011-09-11 23:16:42: dev_match_handler
2011-09-11 23:16:45: dev_match_handler
2011-09-11 23:16:48: dev_match_handler
2011-09-11 23:16:51: dev_match_handler
2011-09-11 23:16:53: dev_match_handler
2011-09-11 23:16:56: dev_match_handler
2011-09-11 23:16:59: dev_match_handler
2011-09-11 23:17:02: dev_match_handler
2011-09-11 23:17:03: dev_match_handler
2011-09-11 23:17:06: dev_match_handler
2011-09-11 23:17:09: dev_match_handler
2011-09-11 23:17:11: dev_match_handler
2011-09-11 23:17:14: dev_match_handler
2011-09-11 23:17:17: dev_match_handler
2011-09-11 23:17:20: dev_match_handler
2011-09-11 23:17:22: dev_match_handler
2011-09-11 23:17:25: dev_match_handler
2011-09-11 23:17:28: dev_match_handler
2011-09-11 23:17:31: dev_match_handler
2011-09-11 23:17:34: dev_match_handler
2011-09-11 23:17:37: dev_match_handler
2011-09-11 23:17:39: dev_match_handler
2011-09-11 23:17:42: dev_match_handler
2011-09-11 23:17:45: dev_match_handler
2011-09-11 23:17:48: dev_match_handler
2011-09-11 23:17:51: dev_match_handler
2011-09-11 23:17:52: dev_match_handler
2011-09-11 23:17:55: dev_match_handler
2011-09-11 23:17:58: dev_match_handler
2011-09-11 23:18:01: dev_match_handler
2011-09-11 23:18:03: dev_match_handler
2011-09-11 23:18:06: dev_match_handler
2011-09-11 23:18:09: dev_match_handler
2011-09-11 23:18:12: dev_match_handler
2011-09-11 23:18:15: dev_match_handler
2011-09-11 23:18:17: dev_match_handler
2011-09-11 23:18:20: dev_match_handler
2011-09-11 23:18:23: dev_match_handler
2011-09-11 23:18:24: dev_match_handler
2011-09-11 23:18:27: dev_match_handler
2011-09-11 23:18:30: dev_match_handler
2011-09-11 23:18:33: dev_match_handler
2011-09-11 23:18:36: dev_match_handler
2011-09-11 23:18:39: dev_match_handler
2011-09-11 23:18:41: dev_match_handler
2011-09-11 23:18:43: dev_match_handler
2011-09-11 23:18:45: dev_match_handler
2011-09-11 23:18:48: dev_match_handler
2011-09-11 23:18:51: dev_match_handler
2011-09-11 23:18:54: dev_match_handler
2011-09-11 23:18:55: dev_match_handler
2011-09-11 23:18:58: dev_match_handler
2011-09-11 23:19:00: dev_match_handler
2011-09-11 23:19:03: dev_match_handler
2011-09-11 23:19:04: dev_match_handler
2011-09-11 23:19:07: dev_match_handler
2011-09-11 23:19:09: dev_match_handler
2011-09-11 23:19:12: dev_match_handler
2011-09-11 23:19:15: dev_match_handler
2011-09-11 23:19:17: dev_match_handler
2011-09-11 23:19:20: dev_match_handler
2011-09-11 23:19:23: dev_match_handler
2011-09-11 23:19:25: dev_match_handler
2011-09-11 23:19:28: dev_match_handler
2011-09-11 23:19:31: dev_match_handler
2011-09-11 23:19:33: dev_match_handler
2011-09-11 23:19:36: dev_match_handler
2011-09-11 23:19:39: dev_match_handler
2011-09-11 23:19:41: dev_match_handler
2011-09-11 23:19:44: dev_match_handler
2011-09-11 23:19:47: dev_match_handler
2011-09-11 23:19:49: dev_match_handler
2011-09-11 23:19:52: dev_match_handler
2011-09-11 23:19:55: dev_match_handler
2011-09-11 23:19:57: dev_match_handler
2011-09-11 23:20:00: dev_match_handler
2011-09-11 23:20:03: dev_match_handler
2011-09-11 23:20:06: dev_match_handler
2011-09-11 23:20:08: dev_match_handler
2011-09-11 23:20:11: dev_match_handler
2011-09-11 23:20:14: dev_match_handler
2011-09-11 23:20:16: dev_match_handler
2011-09-11 23:20:19: dev_match_handler
2011-09-11 23:20:22: dev_match_handler
2011-09-11 23:20:25: dev_match_handler
2011-09-11 23:20:27: dev_match_handler
2011-09-11 23:20:30: dev_match_handler
2011-09-11 23:20:33: dev_match_handler
2011-09-11 23:20:35: dev_match_handler
2011-09-11 23:20:38: dev_match_handler
2011-09-11 23:20:40: dev_match_handler
2011-09-11 23:20:43: dev_match_handler
2011-09-11 23:20:44: dev_match_handler
2011-09-11 23:20:47: dev_match_handler
2011-09-11 23:20:50: dev_match_handler
2011-09-11 23:20:52: dev_match_handler
2011-09-11 23:20:55: dev_match_handler
2011-09-11 23:20:56: dev_match_handler
2011-09-11 23:20:59: dev_match_handler
2011-09-11 23:21:01: dev_match_handler
2011-09-11 23:21:04: dev_match_handler
2011-09-11 23:21:07: dev_match_handler
2011-09-11 23:21:09: dev_match_handler
2011-09-11 23:21:12: dev_match_handler
2011-09-11 23:21:15: dev_match_handler
2011-09-11 23:21:17: dev_match_handler
2011-09-11 23:21:20: dev_match_handler
2011-09-11 23:21:23: dev_match_handler
2011-09-11 23:21:26: dev_match_handler
2011-09-11 23:21:27: dev_match_handler
2011-09-11 23:21:30: dev_match_handler
2011-09-11 23:21:33: dev_match_handler
2011-09-11 23:21:35: dev_match_handler
2011-09-11 23:21:38: dev_match_handler
2011-09-11 23:21:41: dev_match_handler
2011-09-11 23:21:43: dev_match_handler
2011-09-11 23:21:46: dev_match_handler
2011-09-11 23:21:49: dev_match_handler
2011-09-11 23:21:51: dev_match_handler
2011-09-11 23:21:54: dev_match_handler
2011-09-11 23:21:57: dev_match_handler
2011-09-11 23:22:00: dev_match_handler
2011-09-11 23:22:02: dev_match_handler
2011-09-11 23:22:05: dev_match_handler
2011-09-11 23:22:08: dev_match_handler
2011-09-11 23:22:11: dev_match_handler
2011-09-11 23:22:13: dev_match_handler
2011-09-11 23:22:16: dev_match_handler
2011-09-11 23:22:17: dev_match_handler
2011-09-11 23:22:20: dev_match_handler
2011-09-11 23:22:23: dev_match_handler
2011-09-11 23:22:26: dev_match_handler
2011-09-11 23:22:28: dev_match_handler
2011-09-11 23:22:31: dev_match_handler
2011-09-11 23:22:34: dev_match_handler
2011-09-11 23:22:36: dev_match_handler
2011-09-11 23:22:39: dev_match_handler
2011-09-11 23:22:42: dev_match_handler
2011-09-11 23:22:45: dev_match_handler
2011-09-11 23:22:47: dev_match_handler
2011-09-11 23:22:50: dev_match_handler
2011-09-11 23:22:53: dev_match_handler
2011-09-11 23:22:56: dev_match_handler
2011-09-11 23:22:58: dev_match_handler
2011-09-11 23:23:01: dev_match_handler
2011-09-11 23:23:04: dev_match_handler
2011-09-11 23:23:07: dev_match_handler
2011-09-11 23:23:09: dev_match_handler
2011-09-11 23:23:12: dev_match_handler
2011-09-11 23:23:15: dev_match_handler
2011-09-11 23:23:18: dev_match_handler
2011-09-11 23:23:40: round_update_handler
2011-09-11 23:27:12: round_update_handler
2011-09-11 23:27:20: dev_match_handler
2011-09-11 23:27:22: dev_match_handler
2011-09-11 23:27:25: dev_match_handler
2011-09-11 23:27:28: dev_match_handler
2011-09-11 23:27:32: dev_match_handler
2011-09-11 23:27:36: dev_match_handler
2011-09-11 23:27:39: dev_match_handler
2011-09-11 23:27:42: dev_match_handler
2011-09-11 23:27:44: dev_match_handler
2011-09-11 23:27:49: dev_match_handler
2011-09-11 23:27:52: dev_match_handler
2011-09-11 23:27:56: dev_match_handler
2011-09-11 23:28:03: dev_match_handler
2011-09-11 23:28:06: dev_match_handler
2011-09-11 23:28:09: dev_match_handler
2011-09-11 23:28:12: dev_match_handler
2011-09-11 23:28:14: dev_match_handler
2011-09-11 23:28:17: dev_match_handler
2011-09-11 23:28:20: dev_match_handler
2011-09-11 23:28:23: dev_match_handler
2011-09-11 23:28:26: dev_match_handler
2011-09-11 23:28:29: dev_match_handler
2011-09-11 23:28:31: dev_match_handler
2011-09-11 23:28:34: dev_match_handler
2011-09-11 23:28:37: dev_match_handler
2011-09-11 23:28:40: dev_match_handler
2011-09-11 23:28:42: dev_match_handler
2011-09-11 23:28:45: dev_match_handler
2011-09-11 23:28:48: dev_match_handler
2011-09-11 23:28:51: dev_match_handler
2011-09-11 23:28:53: dev_match_handler
2011-09-11 23:28:56: dev_match_handler
2011-09-11 23:28:59: dev_match_handler
2011-09-11 23:29:02: dev_match_handler
2011-09-11 23:29:05: dev_match_handler
2011-09-11 23:29:07: dev_match_handler
2011-09-11 23:29:10: dev_match_handler
2011-09-11 23:29:13: dev_match_handler
2011-09-11 23:29:16: dev_match_handler
2011-09-11 23:29:19: dev_match_handler
2011-09-11 23:29:21: dev_match_handler
2011-09-11 23:29:24: dev_match_handler
2011-09-11 23:29:27: dev_match_handler
2011-09-11 23:29:30: dev_match_handler
2011-09-11 23:29:33: dev_match_handler
2011-09-11 23:29:35: dev_match_handler
2011-09-11 23:29:38: dev_match_handler
2011-09-11 23:29:41: dev_match_handler
2011-09-11 23:29:44: dev_match_handler
2011-09-11 23:29:45: dev_match_handler
2011-09-11 23:29:48: dev_match_handler
2011-09-11 23:29:51: dev_match_handler
2011-09-11 23:29:53: dev_match_handler
2011-09-11 23:29:56: dev_match_handler
2011-09-11 23:29:59: dev_match_handler
2011-09-11 23:30:02: dev_match_handler
2011-09-11 23:30:05: dev_match_handler
2011-09-11 23:30:08: dev_match_handler
2011-09-11 23:30:11: dev_match_handler
2011-09-11 23:30:13: dev_match_handler
2011-09-11 23:30:16: dev_match_handler
2011-09-11 23:30:19: dev_match_handler
2011-09-11 23:30:22: dev_match_handler
2011-09-11 23:30:24: dev_match_handler
2011-09-11 23:30:26: dev_match_handler
2011-09-11 23:30:28: dev_match_handler
2011-09-11 23:30:31: dev_match_handler
2011-09-11 23:30:34: dev_match_handler
2011-09-11 23:30:36: dev_match_handler
2011-09-11 23:30:39: dev_match_handler
2011-09-11 23:30:42: dev_match_handler
2011-09-11 23:30:45: dev_match_handler
2011-09-11 23:30:47: dev_match_handler
2011-09-11 23:30:49: dev_match_handler
2011-09-11 23:30:51: dev_match_handler
2011-09-11 23:30:52: dev_match_handler
2011-09-11 23:30:55: dev_match_handler
2011-09-11 23:30:58: dev_match_handler
2011-09-11 23:31:01: dev_match_handler
2011-09-11 23:31:03: dev_match_handler
2011-09-11 23:31:06: dev_match_handler
2011-09-11 23:31:09: dev_match_handler
2011-09-11 23:31:12: dev_match_handler
2011-09-11 23:31:15: dev_match_handler
2011-09-11 23:31:18: dev_match_handler
2011-09-11 23:31:20: dev_match_handler
2011-09-11 23:31:23: dev_match_handler
2011-09-11 23:31:26: dev_match_handler
2011-09-11 23:31:29: dev_match_handler
2011-09-11 23:31:32: dev_match_handler
2011-09-11 23:31:34: dev_match_handler
2011-09-11 23:31:37: dev_match_handler
2011-09-11 23:31:40: dev_match_handler
2011-09-11 23:31:43: dev_match_handler
2011-09-11 23:31:45: dev_match_handler
2011-09-11 23:31:48: dev_match_handler
2011-09-11 23:31:51: dev_match_handler
2011-09-11 23:31:53: dev_match_handler
2011-09-11 23:31:56: dev_match_handler
2011-09-11 23:31:59: dev_match_handler
2011-09-11 23:32:02: dev_match_handler
2011-09-11 23:32:03: dev_match_handler
2011-09-11 23:32:06: dev_match_handler
2011-09-11 23:32:09: dev_match_handler
2011-09-11 23:32:11: dev_match_handler
2011-09-11 23:32:14: dev_match_handler
2011-09-11 23:32:17: dev_match_handler
2011-09-11 23:32:20: dev_match_handler
2011-09-11 23:32:23: dev_match_handler
2011-09-11 23:32:26: dev_match_handler
2011-09-11 23:32:29: dev_match_handler
2011-09-11 23:32:30: dev_match_handler
2011-09-11 23:32:31: dev_match_handler
2011-09-11 23:32:33: dev_match_handler
2011-09-11 23:32:36: dev_match_handler
2011-09-11 23:32:39: dev_match_handler
2011-09-11 23:32:42: dev_match_handler
2011-09-11 23:32:45: dev_match_handler
2011-09-11 23:32:47: dev_match_handler
2011-09-11 23:32:49: dev_match_handler
2011-09-11 23:32:51: dev_match_handler
2011-09-11 23:32:54: dev_match_handler
2011-09-11 23:32:57: dev_match_handler
2011-09-11 23:33:00: dev_match_handler
2011-09-11 23:33:02: dev_match_handler
2011-09-11 23:33:05: dev_match_handler
2011-09-11 23:33:08: dev_match_handler
2011-09-11 23:33:11: dev_match_handler
2011-09-11 23:33:14: dev_match_handler
2011-09-11 23:33:16: dev_match_handler
2011-09-11 23:33:19: dev_match_handler
2011-09-11 23:33:22: dev_match_handler
2011-09-11 23:33:25: dev_match_handler
2011-09-11 23:33:27: dev_match_handler
2011-09-11 23:33:30: dev_match_handler
2011-09-11 23:33:33: dev_match_handler
2011-09-11 23:33:35: dev_match_handler
2011-09-11 23:33:38: dev_match_handler
2011-09-11 23:33:41: dev_match_handler
2011-09-11 23:33:43: dev_match_handler
2011-09-11 23:33:46: dev_match_handler
2011-09-11 23:33:49: dev_match_handler
2011-09-11 23:33:52: dev_match_handler
2011-09-11 23:33:53: dev_match_handler
2011-09-11 23:33:56: dev_match_handler
2011-09-11 23:33:59: dev_match_handler
2011-09-11 23:34:01: dev_match_handler
2011-09-11 23:34:04: dev_match_handler
2011-09-11 23:34:07: dev_match_handler
2011-09-11 23:34:10: dev_match_handler
2011-09-11 23:34:12: dev_match_handler
2011-09-11 23:34:15: dev_match_handler
2011-09-11 23:34:18: dev_match_handler
2011-09-11 23:34:21: dev_match_handler
2011-09-11 23:34:23: dev_match_handler
2011-09-11 23:34:26: dev_match_handler
2011-09-11 23:34:29: dev_match_handler
2011-09-11 23:34:31: dev_match_handler
2011-09-11 23:34:34: dev_match_handler
2011-09-11 23:34:37: dev_match_handler
2011-09-11 23:34:39: dev_match_handler
2011-09-11 23:34:42: dev_match_handler
2011-09-11 23:34:45: dev_match_handler
2011-09-11 23:34:47: dev_match_handler
2011-09-11 23:34:50: dev_match_handler
2011-09-11 23:34:53: dev_match_handler
2011-09-11 23:34:56: dev_match_handler
2011-09-11 23:34:58: dev_match_handler
2011-09-11 23:35:01: dev_match_handler
2011-09-11 23:35:04: dev_match_handler
2011-09-11 23:35:06: dev_match_handler
2011-09-11 23:35:09: dev_match_handler
2011-09-11 23:35:12: dev_match_handler
2011-09-11 23:35:14: dev_match_handler
2011-09-11 23:35:17: dev_match_handler
2011-09-11 23:35:20: dev_match_handler
2011-09-11 23:35:22: dev_match_handler
2011-09-11 23:35:25: dev_match_handler
2011-09-11 23:35:28: dev_match_handler
2011-09-11 23:35:31: dev_match_handler
2011-09-11 23:35:33: dev_match_handler
2011-09-11 23:35:36: dev_match_handler
2011-09-11 23:35:37: dev_match_handler
2011-09-11 23:35:40: dev_match_handler
2011-09-11 23:35:42: dev_match_handler
2011-09-11 23:35:45: dev_match_handler
2011-09-11 23:35:48: dev_match_handler
2011-09-11 23:35:51: dev_match_handler
2011-09-11 23:35:53: dev_match_handler
2011-09-11 23:35:56: dev_match_handler
2011-09-11 23:35:59: dev_match_handler
2011-09-11 23:36:01: dev_match_handler
2011-09-11 23:36:04: dev_match_handler
2011-09-11 23:36:05: dev_match_handler
2011-09-11 23:36:08: dev_match_handler
2011-09-11 23:36:11: dev_match_handler
2011-09-11 23:36:13: dev_match_handler
2011-09-11 23:36:16: dev_match_handler
2011-09-11 23:36:19: dev_match_handler
2011-09-11 23:36:21: dev_match_handler
2011-09-11 23:36:24: dev_match_handler
2011-09-11 23:36:27: dev_match_handler
2011-09-11 23:36:29: dev_match_handler
2011-09-11 23:36:32: dev_match_handler
2011-09-11 23:36:35: dev_match_handler
2011-09-11 23:36:36: dev_match_handler
2011-09-11 23:36:38: dev_match_handler
2011-09-11 23:36:40: dev_match_handler
2011-09-11 23:36:42: dev_match_handler
2011-09-11 23:36:45: dev_match_handler
2011-09-11 23:36:48: dev_match_handler
2011-09-11 23:36:49: dev_match_handler
2011-09-11 23:36:52: dev_match_handler
2011-09-11 23:36:54: dev_match_handler
2011-09-11 23:36:57: dev_match_handler
2011-09-11 23:37:00: dev_match_handler
2011-09-11 23:37:02: dev_match_handler
2011-09-11 23:37:05: dev_match_handler
2011-09-11 23:37:08: dev_match_handler
2011-09-11 23:37:10: dev_match_handler
2011-09-11 23:37:13: dev_match_handler
2011-09-11 23:37:16: dev_match_handler
2011-09-11 23:37:19: dev_match_handler
2011-09-11 23:37:21: dev_match_handler
2011-09-11 23:37:24: dev_match_handler
2011-09-11 23:37:27: dev_match_handler
2011-09-11 23:37:29: dev_match_handler
2011-09-11 23:37:32: dev_match_handler
2011-09-11 23:37:35: dev_match_handler
2011-09-11 23:37:37: dev_match_handler
2011-09-11 23:37:40: dev_match_handler
2011-09-11 23:37:42: dev_match_handler
2011-09-11 23:37:45: dev_match_handler
2011-09-11 23:37:48: dev_match_handler
2011-09-11 23:37:50: dev_match_handler
2011-09-11 23:38:01: round_update_handler
